[bwa_idx_build] fail to open file 'assembly/DNA_raw_assembly.contigs.fasta' : No such file or directory
[E::bwa_idx_load_from_disk] fail to locate the index files
samtools sort: failed to read header from "-"
Error occured when processing GFF file (line 1 of file prokka/lept.gff):
  [Errno 2] No such file or directory: 'prokka/lept.gff'
  [Exception type: IOError, raised in __init__.py:51]
[E::bwa_idx_load_from_disk] fail to locate the index files
samtools sort: failed to read header from "-"
Error occured when processing GFF file (line 1 of file prokka/lept.gff):
  [Errno 2] No such file or directory: 'prokka/lept.gff'
  [Exception type: IOError, raised in __init__.py:51]
[E::bwa_idx_load_from_disk] fail to locate the index files
samtools sort: failed to read header from "-"
Error occured when processing GFF file (line 1 of file prokka/lept.gff):
  [Errno 2] No such file or directory: 'prokka/lept.gff'
  [Exception type: IOError, raised in __init__.py:51]
[E::bwa_idx_load_from_disk] fail to locate the index files
samtools sort: failed to read header from "-"
Error occured when processing GFF file (line 1 of file prokka/lept.gff):
  [Errno 2] No such file or directory: 'prokka/lept.gff'
  [Exception type: IOError, raised in __init__.py:51]
[E::bwa_idx_load_from_disk] fail to locate the index files
samtools sort: failed to read header from "-"
Error occured when processing GFF file (line 1 of file prokka/lept.gff):
  [Errno 2] No such file or directory: 'prokka/lept.gff'
  [Exception type: IOError, raised in __init__.py:51]
